# JRE version: OpenJDK Runtime Environment (11.0.10) (build 11.0.10+0-b96-7249189)
# Java VM: OpenJDK 64-Bit Server VM (11.0.10+0-b96-7249189, mixed mode, tiered, compressed oops, g1 gc, windows-amd64)
Heap:
 garbage-first heap   total 189440K, used 71419K [0x00000000a0000000, 0x0000000100000000)
  region size 1024K, 9 young (9216K), 9 survivors (9216K)
 Metaspace       used 70414K, capacity 72758K, committed 72920K, reserved 1112064K
  class space    used 9160K, capacity 9965K, committed 9984K, reserved 1048576K
GC Heap History (20 events):
Event: 3.184 GC heap after
{Heap after GC invocations=6 (full 0):
 garbage-first heap   total 131072K, used 21548K [0x00000000a0000000, 0x0000000100000000)
  region size 1024K, 6 young (6144K), 6 survivors (6144K)
 Metaspace       used 34651K, capacity 35326K, committed 35584K, reserved 1079296K
  class space    used 4498K, capacity 4772K, committed 4864K, reserved 1048576K
}
Event: 3.215 GC heap before
{Heap before GC invocations=6 (full 0):
 garbage-first heap   total 131072K, used 26668K [0x00000000a0000000, 0x0000000100000000)
  region size 1024K, 10 young (10240K), 6 survivors (6144K)
 Metaspace       used 35028K, capacity 35719K, committed 35840K, reserved 1081344K
  class space    used 4516K, capacity 4775K, committed 4864K, reserved 1048576K
}
Event: 3.223 GC heap after
{Heap after GC invocations=7 (full 0):
 garbage-first heap   total 131072K, used 24003K [0x00000000a0000000, 0x0000000100000000)
  region size 1024K, 4 young (4096K), 4 survivors (4096K)
 Metaspace       used 35028K, capacity 35719K, committed 35840K, reserved 1081344K
  class space    used 4516K, capacity 4775K, committed 4864K, reserved 1048576K
}
Event: 3.687 GC heap before
{Heap before GC invocations=8 (full 0):
 garbage-first heap   total 131072K, used 73155K [0x00000000a0000000, 0x0000000100000000)
  region size 1024K, 52 young (53248K), 4 survivors (4096K)
 Metaspace       used 39812K, capacity 40563K, committed 40832K, reserved 1085440K
  class space    used 5062K, capacity 5380K, committed 5504K, reserved 1048576K
}
Event: 3.699 GC heap after
{Heap after GC invocations=9 (full 0):
 garbage-first heap   total 131072K, used 25293K [0x00000000a0000000, 0x0000000100000000)
  region size 1024K, 7 young (7168K), 7 survivors (7168K)
 Metaspace       used 39812K, capacity 40563K, committed 40832K, reserved 1085440K
  class space    used 5062K, capacity 5380K, committed 5504K, reserved 1048576K
}
Event: 4.317 GC heap before
{Heap before GC invocations=10 (full 0):
 garbage-first heap   total 131072K, used 77517K [0x00000000a0000000, 0x0000000100000000)
  region size 1024K, 58 young (59392K), 7 survivors (7168K)
 Metaspace       used 43644K, capacity 44643K, committed 44928K, reserved 1087488K
  class space    used 5596K, capacity 5956K, committed 6016K, reserved 1048576K
}
Event: 4.326 GC heap after
{Heap after GC invocations=11 (full 0):
 garbage-first heap   total 131072K, used 28156K [0x00000000a0000000, 0x0000000100000000)
  region size 1024K, 7 young (7168K), 7 survivors (7168K)
 Metaspace       used 43644K, capacity 44643K, committed 44928K, reserved 1087488K
  class space    used 5596K, capacity 5956K, committed 6016K, reserved 1048576K
}
Event: 4.824 GC heap before
{Heap before GC invocations=11 (full 0):
 garbage-first heap   total 131072K, used 86524K [0x00000000a0000000, 0x0000000100000000)
  region size 1024K, 59 young (60416K), 7 survivors (7168K)
 Metaspace       used 45927K, capacity 47150K, committed 47360K, reserved 1089536K
  class space    used 5888K, capacity 6319K, committed 6400K, reserved 1048576K
}
Event: 4.834 GC heap after
{Heap after GC invocations=12 (full 0):
 garbage-first heap   total 157696K, used 40445K [0x00000000a0000000, 0x0000000100000000)
  region size 1024K, 8 young (8192K), 8 survivors (8192K)
 Metaspace       used 45927K, capacity 47150K, committed 47360K, reserved 1089536K
  class space    used 5888K, capacity 6319K, committed 6400K, reserved 1048576K
}
Event: 5.643 GC heap before
{Heap before GC invocations=12 (full 0):
 garbage-first heap   total 157696K, used 100861K [0x00000000a0000000, 0x0000000100000000)
  region size 1024K, 67 young (68608K), 8 survivors (8192K)
 Metaspace       used 53730K, capacity 55029K, committed 55296K, reserved 1097728K
  class space    used 6829K, capacity 7303K, committed 7424K, reserved 1048576K
}
Event: 5.653 GC heap after
{Heap after GC invocations=13 (full 0):
 garbage-first heap   total 157696K, used 44983K [0x00000000a0000000, 0x0000000100000000)
  region size 1024K, 4 young (4096K), 4 survivors (4096K)
 Metaspace       used 53730K, capacity 55029K, committed 55296K, reserved 1097728K
  class space    used 6829K, capacity 7303K, committed 7424K, reserved 1048576K
}
Event: 6.671 GC heap before
{Heap before GC invocations=13 (full 0):
 garbage-first heap   total 157696K, used 106423K [0x00000000a0000000, 0x0000000100000000)
  region size 1024K, 63 young (64512K), 4 survivors (4096K)
 Metaspace       used 59977K, capacity 61421K, committed 61568K, reserved 1103872K
  class space    used 7545K, capacity 8011K, committed 8064K, reserved 1048576K
}
Event: 6.676 GC heap after
{Heap after GC invocations=14 (full 0):
 garbage-first heap   total 157696K, used 47479K [0x00000000a0000000, 0x0000000100000000)
  region size 1024K, 7 young (7168K), 7 survivors (7168K)
 Metaspace       used 59977K, capacity 61421K, committed 61568K, reserved 1103872K
  class space    used 7545K, capacity 8011K, committed 8064K, reserved 1048576K
}
Event: 6.988 GC heap before
{Heap before GC invocations=14 (full 0):
 garbage-first heap   total 157696K, used 108919K [0x00000000a0000000, 0x0000000100000000)
  region size 1024K, 67 young (68608K), 7 survivors (7168K)
 Metaspace       used 61027K, capacity 62684K, committed 62976K, reserved 1103872K
  class space    used 7713K, capacity 8323K, committed 8448K, reserved 1048576K
}
Event: 6.996 GC heap after
{Heap after GC invocations=15 (full 0):
 garbage-first heap   total 157696K, used 52206K [0x00000000a0000000, 0x0000000100000000)
  region size 1024K, 8 young (8192K), 8 survivors (8192K)
 Metaspace       used 61027K, capacity 62684K, committed 62976K, reserved 1103872K
  class space    used 7713K, capacity 8323K, committed 8448K, reserved 1048576K
}
Event: 7.561 GC heap before
{Heap before GC invocations=15 (full 0):
 garbage-first heap   total 157696K, used 110574K [0x00000000a0000000, 0x0000000100000000)
  region size 1024K, 66 young (67584K), 8 survivors (8192K)
 Metaspace       used 66163K, capacity 67927K, committed 68056K, reserved 1107968K
  class space    used 8516K, capacity 9132K, committed 9216K, reserved 1048576K
}
Event: 7.580 GC heap after
{Heap after GC invocations=16 (full 0):
 garbage-first heap   total 157696K, used 56649K [0x00000000a0000000, 0x0000000100000000)
  region size 1024K, 9 young (9216K), 9 survivors (9216K)
 Metaspace       used 66163K, capacity 67927K, committed 68056K, reserved 1107968K
  class space    used 8516K, capacity 9132K, committed 9216K, reserved 1048576K
}
Event: 8.146 GC heap before
{Heap before GC invocations=17 (full 0):
 garbage-first heap   total 157696K, used 118089K [0x00000000a0000000, 0x0000000100000000)
  region size 1024K, 69 young (70656K), 9 survivors (9216K)
 Metaspace       used 68288K, capacity 70228K, committed 70360K, reserved 1110016K
  class space    used 8907K, capacity 9635K, committed 9728K, reserved 1048576K
}
Event: 8.159 GC heap after
{Heap after GC invocations=18 (full 0):
 garbage-first heap   total 157696K, used 61779K [0x00000000a0000000, 0x0000000100000000)
  region size 1024K, 9 young (9216K), 9 survivors (9216K)
 Metaspace       used 68288K, capacity 70228K, committed 70360K, reserved 1110016K
  class space    used 8907K, capacity 9635K, committed 9728K, reserved 1048576K
}
Event: 8.809 GC heap before
{Heap before GC invocations=18 (full 0):
 garbage-first heap   total 157696K, used 120147K [0x00000000a0000000, 0x0000000100000000)
  region size 1024K, 67 young (68608K), 9 survivors (9216K)
 Metaspace       used 70414K, capacity 72758K, committed 72920K, reserved 1112064K
  class space    used 9160K, capacity 9965K, committed 9984K, reserved 1048576K
}

